<?xml version="1.0" encoding="UTF-8"?>
<!-- Generated by org.testng.reporters.JUnitReportReporter -->
<testsuite hostname="DESKTOP-3B5B190" failures="0" tests="4" name="Academy.Homepage" time="33.279" errors="0" timestamp="2021-06-30T13:00:46 IST" skipped="0">
  <testcase classname="Academy.Homepage" name="LoginPageTestcase" time="8.469"/>
  <system-out/>
  <testcase classname="Academy.Homepage" name="LoginPageTestcase" time="8.094"/>
  <system-out/>
  <testcase classname="Academy.Homepage" name="LoginPageTestcase" time="8.308"/>
  <system-out/>
  <testcase classname="Academy.Homepage" name="LoginPageTestcase" time="8.408"/>
  <system-out/>
</testsuite> <!-- Academy.Homepage -->
