<?xml version="1.0" encoding="UTF-8"?>
<!-- Generated by org.testng.reporters.JUnitReportReporter -->
<testsuite hostname="DESKTOP-3B5B190" failures="0" tests="3" name="Testcases.loginPageTest" time="6.281" errors="0" timestamp="2021-08-07T18:15:22 IST" skipped="0">
  <testcase classname="Testcases.loginPageTest" name="loginUserValidate" time="5.906"/>
  <system-out/>
  <testcase classname="Testcases.loginPageTest" name="login" time="0.355"/>
  <system-out/>
  <testcase classname="Testcases.loginPageTest" name="loginPageTitle" time="0.020"/>
  <system-out/>
</testsuite> <!-- Testcases.loginPageTest -->
