<?xml version="1.0" encoding="UTF-8"?>
<!-- Generated by org.testng.reporters.JUnitReportReporter -->
<testsuite hostname="DESKTOP-3B5B190" failures="0" tests="1" name="Testcases.Caselist" time="21.631" errors="0" timestamp="2021-07-16T14:34:59 IST" skipped="0">
  <testcase classname="Testcases.Caselist" name="caseProcess_caseList" time="21.631"/>
  <system-out/>
</testsuite> <!-- Testcases.Caselist -->
