<?xml version="1.0" encoding="UTF-8"?>
<!-- Generated by org.testng.reporters.JUnitReportReporter -->
<testsuite hostname="DESKTOP-3B5B190" failures="0" tests="4" name="Testcases.CaseDetailTest" time="60.749" errors="0" timestamp="2021-07-30T12:29:24 IST" skipped="0">
  <testcase classname="Testcases.CaseDetailTest" name="caseDetail" time="9.931"/>
  <system-out/>
  <testcase classname="Testcases.CaseDetailTest" name="caseDetail_allTabs" time="10.333"/>
  <system-out/>
  <testcase classname="Testcases.CaseDetailTest" name="caseDetail_localCaseProcess" time="21.758"/>
  <system-out/>
  <testcase classname="Testcases.CaseDetailTest" name="caseDetail_minioCaseProcess" time="18.727"/>
  <system-out/>
</testsuite> <!-- Testcases.CaseDetailTest -->
