<?xml version="1.0" encoding="UTF-8"?>
<!-- Generated by org.testng.reporters.JUnitReportReporter -->
<testsuite hostname="DESKTOP-3B5B190" failures="0" tests="1" name="Testcases.DashboardTest" time="1.163" errors="0" timestamp="2021-07-30T12:29:24 IST" skipped="0">
  <testcase classname="Testcases.DashboardTest" name="dashboard_overView" time="1.163"/>
  <system-out/>
</testsuite> <!-- Testcases.DashboardTest -->
