<?xml version="1.0" encoding="UTF-8"?>
<!-- Generated by org.testng.reporters.JUnitReportReporter -->
<testsuite hostname="DESKTOP-3B5B190" failures="0" tests="1" name="Academy.NavBar" time="0.092" errors="0" timestamp="2021-06-30T13:00:46 IST" skipped="0">
  <testcase classname="Academy.NavBar" name="NavigationBarTestcase" time="0.092"/>
  <system-out/>
</testsuite> <!-- Academy.NavBar -->
