<?xml version="1.0" encoding="UTF-8"?>
<!-- Generated by org.testng.reporters.JUnitReportReporter -->
<testsuite hostname="DESKTOP-3B5B190" failures="0" tests="1" name="Testcases.ClassificationTest" time="45.677" errors="0" timestamp="2021-08-07T18:15:22 IST" skipped="0">
  <testcase classname="Testcases.ClassificationTest" name="splitClassification" time="45.677"/>
  <system-out/>
</testsuite> <!-- Testcases.ClassificationTest -->
