<?xml version="1.0" encoding="UTF-8"?>
<!-- Generated by org.testng.reporters.JUnitReportReporter -->
<testsuite hostname="82e11c8c49be" failures="0" tests="3" name="Testcases.loginPageTest" time="6.477" errors="0" timestamp="2021-09-22T07:59:16 UTC" skipped="0">
  <testcase classname="Testcases.loginPageTest" name="loginPageTitle" time="0.018"/>
  <system-out/>
  <testcase classname="Testcases.loginPageTest" name="login" time="0.705"/>
  <system-out/>
  <testcase classname="Testcases.loginPageTest" name="loginUserValidate" time="5.754"/>
  <system-out/>
</testsuite> <!-- Testcases.loginPageTest -->
